This is pdfTeX, Version 3.14159265-2.6-1.40.17 (TeX Live 2016/Debian) (preloaded format=latex 2017.7.6)  2 DEC 2017 11:00
entering extended mode
 restricted \write18 enabled.
 %&-line parsing enabled.
**makebst
(/usr/share/texlive/texmf-dist/tex/latex/custom-bib/makebst.tex
LaTeX2e <2017/01/01> patch level 3
Babel <3.9r> and hyphenation patterns for 83 language(s) loaded.
\outfile=\write3
\ttyin=\read1
\infile=\read2
\ttyout=\write4
\hours=\count79
\minutes=\count80
***********************************
* This is Make Bibliography Style *
***********************************
It makes up a docstrip batch job to produce
a customized .bst file for running with BibTeX
Do you want a description of the usage? (NO)

\yn=n

Enter the name of the MASTER file (default=merlin.mbs)

\mfile=

Name of the final OUTPUT .bst file? (default extension=bst)

\ofile=sbc.bst

Give a comment line to include in the style file.
Something like for which journals it is applicable.

\ans=
! Interruption.
\ask #1#2->\mes {#2}\read \ttyin to #1
                                      \ifx #1\defpar \def #1{}\else \edef #1...
l.249 ...ike for which journals it is applicable.}
                                                  
? 
\openout3 = `sbc.dbj'.

Do you want verbose comments? (NO)

\yn=
(/usr/share/texlive/texmf-dist/tex/latex/custom-bib/merlin.mbs
<<< For more information about the meanings of
<<< the various options, see the section on 
<<< Menu Information in the .mbs file documentation.

EXTERNAL FILES:

Name of language definition file (default=merlin.mbs)

\cfile=q
*** Cannot find file `q.mbs'

Name of language definition file (default=merlin.mbs)

\cfile=q
*** Cannot find file `q.mbs'

Name of language definition file (default=merlin.mbs)

\cfile=
! Emergency stop.
<read 1> 
         
l.1384 ...ge definition file}(\mroot.\mext)i\cfile
                                                  
End of file on the terminal!

 
Here is how much of TeX's memory you used:
 102 strings out of 493014
 1099 string characters out of 6135709
 53278 words of memory out of 5000000
 3737 multiletter control sequences out of 15000+600000
 3640 words of font info for 14 fonts, out of 8000000 for 9000
 1141 hyphenation exceptions out of 8191
 9i,0n,10p,153b,14s stack positions out of 5000i,500n,10000p,200000b,80000s
No pages of output.
