\BOOKMARK [0][]{chapter.1}{Introduction}{}% 1
\BOOKMARK [1][]{section.1.1}{Motivation}{chapter.1}% 2
\BOOKMARK [1][]{section.1.2}{Objectives}{chapter.1}% 3
\BOOKMARK [1][]{section.1.3}{Boundary Elements Method Background}{chapter.1}% 4
\BOOKMARK [1][]{section.1.4}{Gaussian Quadrature Background}{chapter.1}% 5
\BOOKMARK [1][]{section.1.5}{LU Decomposition Background}{chapter.1}% 6
\BOOKMARK [1][]{section.1.6}{Parallel Programming Background}{chapter.1}% 7
\BOOKMARK [2][]{subsection.1.6.1}{CUDA Programming}{section.1.6}% 8
\BOOKMARK [1][]{section.1.7}{Related Works}{chapter.1}% 9
\BOOKMARK [0][]{chapter.2}{Development}{}% 10
\BOOKMARK [1][]{section.2.1}{Calling CUDA from Fortran 77}{chapter.2}% 11
\BOOKMARK [1][]{section.2.2}{Ghmatecd Optimization and Parallelization}{chapter.2}% 12
\BOOKMARK [1][]{section.2.3}{Ghmatece Optimization and Parallelization}{chapter.2}% 13
\BOOKMARK [1][]{section.2.4}{Linear System Solving Optimization}{chapter.2}% 14
\BOOKMARK [0][]{chapter.3}{Methods and Results}{}% 15
\BOOKMARK [1][]{section.3.1}{Methods}{chapter.3}% 16
\BOOKMARK [1][]{section.3.2}{Results and isolated conclusions}{chapter.3}% 17
\BOOKMARK [2][]{subsection.3.2.1}{Ghmatecd Routine}{section.3.2}% 18
\BOOKMARK [2][]{subsection.3.2.2}{Ghmatece Routine}{section.3.2}% 19
\BOOKMARK [2][]{subsection.3.2.3}{Rigid routine}{section.3.2}% 20
\BOOKMARK [2][]{subsection.3.2.4}{Linear system solving routine}{section.3.2}% 21
\BOOKMARK [0][]{chapter.4}{Final Conclusions}{}% 22
\BOOKMARK [1][]{section.4.1}{BEM Efficiency as a Computational Tool}{chapter.4}% 23
\BOOKMARK [1][]{section.4.2}{As a Programmer}{chapter.4}% 24
\BOOKMARK [0][]{appendix.A}{Computers used in tests}{}% 25
\BOOKMARK [0][]{appendix*.27}{Bibliography}{}% 26
